<?xml version="1.0" encoding="UTF-8"?>
<!-- Generated by org.testng.reporters.JUnitXMLReporter -->
<testsuite hostname="KirankumarKhamitkar" ignored="0" name="Test" tests="7" failures="0" timestamp="16 Jun 2018 16:17:07 GMT" time="82.854" errors="0">
  <testcase name="Login_validLogin" time="3.506" classname="orangeHRM.TestCases.TC1_Login_PageTest"/>
  <testcase name="HomePage_CreateTest" time="0.927" classname="orangeHRM.TestCases.TC2_Home_PageTest_CreateData"/>
  <testcase name="HomePage_AdduserTest" time="15.509" classname="orangeHRM.TestCases.TC3_Home_PageTest"/>
  <testcase name="HomePage_SearchuserTest" time="9.514" classname="orangeHRM.TestCases.TC3_Home_PageTest"/>
  <testcase name="Dashboard_AssignLeaveTest" time="5.211" classname="orangeHRM.TestCases.TC4_Dashboard_PageTest"/>
  <testcase name="Dashboard_LeaveListTest" time="5.116" classname="orangeHRM.TestCases.TC4_Dashboard_PageTest"/>
  <testcase name="Dashboard_TimesheetTest" time="4.518" classname="orangeHRM.TestCases.TC4_Dashboard_PageTest"/>
</testsuite> <!-- Test -->
