<?xml version="1.0" encoding="UTF-8"?>
<testsuite xmlns:xsi="http://www.w3.org/2001/XMLSchema-instance" xsi:noNamespaceSchemaLocation="https://maven.apache.org/surefire/maven-surefire-plugin/xsd/surefire-test-report.xsd" name="TestSuite" time="83.86" tests="7" errors="0" skipped="0" failures="0">
  <properties>
[...]
</properties>
  <testcase name="Login_validLogin" classname="orangeHRM.TestCases.TC1_Login_PageTest" time="3.506"/>
  <testcase name="HomePage_CreateTest" classname="orangeHRM.TestCases.TC2_Home_PageTest_CreateData" time="0.927"/>
  <testcase name="HomePage_AdduserTest" classname="orangeHRM.TestCases.TC3_Home_PageTest" time="15.508"/>
  <testcase name="HomePage_SearchuserTest" classname="orangeHRM.TestCases.TC3_Home_PageTest" time="9.513"/>
  <testcase name="Dashboard_AssignLeaveTest" classname="orangeHRM.TestCases.TC4_Dashboard_PageTest" time="5.208"/>
  <testcase name="Dashboard_LeaveListTest" classname="orangeHRM.TestCases.TC4_Dashboard_PageTest" time="5.115"/>
  <testcase name="Dashboard_TimesheetTest" classname="orangeHRM.TestCases.TC4_Dashboard_PageTest" time="4.516"/>
</testsuite>