<?xml version="1.0" encoding="UTF-8"?>
<testng-results skipped="0" failed="0" ignored="0" total="2" passed="2">
  <reporter-output>
  </reporter-output>
  <suite name="Default suite" duration-ms="43533" started-at="2018-05-14T06:41:38Z" finished-at="2018-05-14T06:42:21Z">
    <groups>
    </groups>
    <test name="Default test" duration-ms="43533" started-at="2018-05-14T06:41:38Z" finished-at="2018-05-14T06:42:21Z">
      <class name="orangeHRM.TestCases.TC3_Home_PageTest">
        <test-method status="PASS" signature="beforeMethod(java.lang.reflect.Method)[pri:0, instance:orangeHRM.TestCases.TC3_Home_PageTest@3891771e]" name="beforeMethod" is-config="true" duration-ms="15" started-at="2018-05-14T06:41:38Z" finished-at="2018-05-14T06:41:38Z">
          <params>
            <param index="0">
              <value>
                <![CDATA[public void orangeHRM.TestCases.TC3_Home_PageTest.HomePage_AdduserTest() throws java.lang.Exception]]>
              </value>
            </param>
          </params>
          <reporter-output>
          </reporter-output>
        </test-method> <!-- beforeMethod -->
        <test-method status="PASS" signature="Setup()[pri:0, instance:orangeHRM.TestCases.TC3_Home_PageTest@3891771e]" name="Setup" is-config="true" duration-ms="9137" started-at="2018-05-14T06:41:38Z" finished-at="2018-05-14T06:41:47Z">
          <reporter-output>
          </reporter-output>
        </test-method> <!-- Setup -->
        <test-method status="PASS" signature="HomePage_AdduserTest()[pri:3, instance:orangeHRM.TestCases.TC3_Home_PageTest@3891771e]" name="HomePage_AdduserTest" duration-ms="14405" started-at="2018-05-14T06:41:47Z" finished-at="2018-05-14T06:42:01Z">
          <reporter-output>
          </reporter-output>
        </test-method> <!-- HomePage_AdduserTest -->
        <test-method status="PASS" signature="Teardown()[pri:0, instance:orangeHRM.TestCases.TC3_Home_PageTest@3891771e]" name="Teardown" is-config="true" duration-ms="149" started-at="2018-05-14T06:42:01Z" finished-at="2018-05-14T06:42:02Z">
          <reporter-output>
          </reporter-output>
        </test-method> <!-- Teardown -->
        <test-method status="PASS" signature="afterMethod(org.testng.ITestResult)[pri:0, instance:orangeHRM.TestCases.TC3_Home_PageTest@3891771e]" name="afterMethod" is-config="true" duration-ms="0" started-at="2018-05-14T06:42:02Z" finished-at="2018-05-14T06:42:02Z">
          <params>
            <param index="0">
              <value>
                <![CDATA[[TestResult name=HomePage_AdduserTest status=SUCCESS method=TC3_Home_PageTest.HomePage_AdduserTest()[pri:3, instance:orangeHRM.TestCases.TC3_Home_PageTest@3891771e] output={null}]]]>
              </value>
            </param>
          </params>
          <reporter-output>
          </reporter-output>
        </test-method> <!-- afterMethod -->
        <test-method status="PASS" signature="beforeMethod(java.lang.reflect.Method)[pri:0, instance:orangeHRM.TestCases.TC3_Home_PageTest@3891771e]" name="beforeMethod" is-config="true" duration-ms="7" started-at="2018-05-14T06:42:02Z" finished-at="2018-05-14T06:42:02Z">
          <params>
            <param index="0">
              <value>
                <![CDATA[public void orangeHRM.TestCases.TC3_Home_PageTest.HomePage_SearchuserTest() throws java.lang.Exception]]>
              </value>
            </param>
          </params>
          <reporter-output>
          </reporter-output>
        </test-method> <!-- beforeMethod -->
        <test-method status="PASS" signature="Setup()[pri:0, instance:orangeHRM.TestCases.TC3_Home_PageTest@3891771e]" name="Setup" is-config="true" duration-ms="7108" started-at="2018-05-14T06:42:02Z" finished-at="2018-05-14T06:42:09Z">
          <reporter-output>
          </reporter-output>
        </test-method> <!-- Setup -->
        <test-method status="PASS" signature="HomePage_SearchuserTest()[pri:4, instance:orangeHRM.TestCases.TC3_Home_PageTest@3891771e]" name="HomePage_SearchuserTest" duration-ms="12233" started-at="2018-05-14T06:42:09Z" finished-at="2018-05-14T06:42:21Z">
          <reporter-output>
          </reporter-output>
        </test-method> <!-- HomePage_SearchuserTest -->
        <test-method status="PASS" signature="Teardown()[pri:0, instance:orangeHRM.TestCases.TC3_Home_PageTest@3891771e]" name="Teardown" is-config="true" duration-ms="65" started-at="2018-05-14T06:42:21Z" finished-at="2018-05-14T06:42:21Z">
          <reporter-output>
          </reporter-output>
        </test-method> <!-- Teardown -->
        <test-method status="PASS" signature="afterMethod(org.testng.ITestResult)[pri:0, instance:orangeHRM.TestCases.TC3_Home_PageTest@3891771e]" name="afterMethod" is-config="true" duration-ms="0" started-at="2018-05-14T06:42:21Z" finished-at="2018-05-14T06:42:21Z">
          <params>
            <param index="0">
              <value>
                <![CDATA[[TestResult name=HomePage_SearchuserTest status=SUCCESS method=TC3_Home_PageTest.HomePage_SearchuserTest()[pri:4, instance:orangeHRM.TestCases.TC3_Home_PageTest@3891771e] output={null}]]]>
              </value>
            </param>
          </params>
          <reporter-output>
          </reporter-output>
        </test-method> <!-- afterMethod -->
        <test-method status="PASS" signature="endTest()[pri:0, instance:orangeHRM.TestCases.TC3_Home_PageTest@3891771e]" name="endTest" is-config="true" duration-ms="370" started-at="2018-05-14T06:42:21Z" finished-at="2018-05-14T06:42:21Z">
          <reporter-output>
          </reporter-output>
        </test-method> <!-- endTest -->
      </class> <!-- orangeHRM.TestCases.TC3_Home_PageTest -->
    </test> <!-- Default test -->
  </suite> <!-- Default suite -->
</testng-results>
