<?xml version="1.0" encoding="UTF-8"?>
<!-- Generated by org.testng.reporters.JUnitXMLReporter -->
<testsuite hostname="KirankumarKhamitkar" ignored="0" name="Default test" tests="2" failures="0" timestamp="14 May 2018 06:42:21 GMT" time="43.533" errors="0">
  <testcase name="HomePage_AdduserTest" time="14.405" classname="orangeHRM.TestCases.TC3_Home_PageTest"/>
  <testcase name="HomePage_SearchuserTest" time="12.233" classname="orangeHRM.TestCases.TC3_Home_PageTest"/>
</testsuite> <!-- Default test -->
